2025-03-29 00:16:39 INFO  Utils:112 - [TestNG] Running:
  C:\Users\Investobull-dev\eclipse-workspace\Seleniumwebdriver\investobullV201\SingleTest.xml

2025-03-29 00:16:50 INFO  TC_031_FilterBasketsByWeeklyRebalanceTest:16 - **** Started TC_031_FilterBasketsByWeeklyRebalanceTest ****
2025-03-29 00:16:51 INFO  TC_031_FilterBasketsByWeeklyRebalanceTest:22 - Clicked on login link.. 
2025-03-29 00:16:51 INFO  TC_031_FilterBasketsByWeeklyRebalanceTest:26 - Providing Admin Credentials...
2025-03-29 00:16:58 INFO  TC_031_FilterBasketsByWeeklyRebalanceTest:40 - Clicking on Add Filter button...
2025-03-29 00:16:59 INFO  TC_031_FilterBasketsByWeeklyRebalanceTest:43 - Selecting Weekly Rebalance Frequency...
2025-03-29 00:16:59 INFO  TC_031_FilterBasketsByWeeklyRebalanceTest:46 - Clicking on Apply filter button...
2025-03-29 00:17:00 INFO  TC_031_FilterBasketsByWeeklyRebalanceTest:49 - Verifying that all displayed baskets have Weekly Rebalance Frequency...
2025-03-29 00:17:00 INFO  TC_031_FilterBasketsByWeeklyRebalanceTest:56 - **** Closed TC_031_FilterBasketsByWeeklyRebalanceTest ****
2025-03-29 00:17:32 INFO  Utils:112 - [TestNG] Running:
  C:\Users\Investobull-dev\eclipse-workspace\Seleniumwebdriver\investobullV201\SingleTest.xml

2025-03-29 00:17:38 INFO  TC_032_FilterBasketsByBiWeeklyRebalanceTest:15 - **** Started TC_032_FilterBasketsByBiWeeklyRebalanceTest ****
2025-03-29 00:17:39 INFO  TC_032_FilterBasketsByBiWeeklyRebalanceTest:21 - Clicked on login link.. 
2025-03-29 00:17:39 INFO  TC_032_FilterBasketsByBiWeeklyRebalanceTest:25 - Providing Admin Credentials...
2025-03-29 00:17:47 INFO  TC_032_FilterBasketsByBiWeeklyRebalanceTest:39 - Clicking on Add Filter button...
2025-03-29 00:17:47 INFO  TC_032_FilterBasketsByBiWeeklyRebalanceTest:42 - Selecting BiWeekly Rebalance Frequency...
2025-03-29 00:17:48 INFO  TC_032_FilterBasketsByBiWeeklyRebalanceTest:45 - Clicking on Apply filter button...
2025-03-29 00:17:48 INFO  TC_032_FilterBasketsByBiWeeklyRebalanceTest:48 - Verifying that all displayed baskets have BiWeekly Rebalance Frequency...
2025-03-29 00:17:49 INFO  TC_032_FilterBasketsByBiWeeklyRebalanceTest:55 - **** Closed TC_032_FilterBasketsByBiWeeklyRebalanceTest ****
2025-03-29 00:21:58 INFO  Utils:112 - [TestNG] Running:
  C:\Users\Investobull-dev\eclipse-workspace\Seleniumwebdriver\investobullV201\SingleTest.xml

2025-03-29 00:22:03 INFO  TC_033_FilterBasketsByMonthlyRebalanceTest:16 - **** Started TC_033_FilterBasketsByMonthlyRebalanceTest ****
2025-03-29 00:22:04 INFO  TC_033_FilterBasketsByMonthlyRebalanceTest:22 - Clicked on login link.. 
2025-03-29 00:22:04 INFO  TC_033_FilterBasketsByMonthlyRebalanceTest:26 - Providing Admin Credentials...
2025-03-29 00:22:12 INFO  TC_033_FilterBasketsByMonthlyRebalanceTest:40 - Clicking on Add Filter button...
2025-03-29 00:22:12 INFO  TC_033_FilterBasketsByMonthlyRebalanceTest:43 - Selecting Weekly Rebalance Frequency...
2025-03-29 00:22:12 INFO  TC_033_FilterBasketsByMonthlyRebalanceTest:46 - Clicking on Apply filter button...
2025-03-29 00:22:13 INFO  TC_033_FilterBasketsByMonthlyRebalanceTest:49 - Verifying that all displayed baskets have Monthly Rebalance Frequency...
2025-03-29 00:22:13 INFO  TC_033_FilterBasketsByMonthlyRebalanceTest:56 - **** Closed TC_033_FilterBasketsByMonthlyRebalanceTest ****
2025-03-29 14:43:16 INFO  Utils:112 - [TestNG] Running:
  C:\Users\Investobull-dev\eclipse-workspace\Seleniumwebdriver\investobullV201\SingleTest.xml

2025-03-29 14:43:22 INFO  TC_034_ValidateImageUploadFundManagerTest:16 - **** Started TC_034_ValidateImageUploadFundManagerTest ****
2025-03-29 14:43:22 INFO  TC_034_ValidateImageUploadFundManagerTest:22 - Clicked on login link.. 
2025-03-29 14:43:22 INFO  TC_034_ValidateImageUploadFundManagerTest:26 - Providing Admin Credentials...
2025-03-29 14:43:30 INFO  TC_034_ValidateImageUploadFundManagerTest:40 - Clicking on Upload Image icon...
2025-03-29 14:43:30 INFO  TC_034_ValidateImageUploadFundManagerTest:43 - Uploading Image...
2025-03-29 14:43:30 INFO  TC_034_ValidateImageUploadFundManagerTest:46 - Verifying upload success message...
2025-03-29 14:43:30 INFO  TC_034_ValidateImageUploadFundManagerTest:53 - **** Closed TC_034_ValidateImageUploadFundManagerTest ****
